2025-05-04 02:01:50,588 - INFO - Bot: testwbanalalysisbot [@testwbanalalysis_bot]
2025-05-04 02:01:50,791 - WARNING - Updates were skipped successfully.
2025-05-04 02:01:50,792 - INFO - Bot starting up...
2025-05-04 02:01:50,960 - INFO - Start polling.
2025-05-04 02:02:10,047 - INFO - Found category: Аксессуары
2025-05-04 02:02:10,430 - INFO - Страница 1: получено 100 товаров
2025-05-04 02:02:10,430 - INFO - Страница 1: получено 100 товаров
2025-05-04 02:02:11,056 - INFO - Saved JSON to output\evirma.json
2025-05-04 02:02:11,057 - ERROR - Parsing error: name 'asyncio' is not defined
2025-05-04 02:02:11,173 - INFO - Saved Excel to output\Аксессуары_analysis_1746306131.xlsx
2025-05-04 02:02:11,382 - INFO - Excel report sent to user 6089511983: output\Аксессуары_analysis_1746306131.xlsx
2025-05-04 02:02:11,383 - INFO - Parsing finished due to error. Saved 37 items
2025-05-04 02:02:11,383 - INFO - Total parsing time: 1.66 seconds
2025-05-04 02:02:26,388 - INFO - File deleted: output\Аксессуары_analysis_1746306131.xlsx
2025-05-04 02:03:31,605 - INFO - Bot shutting down...
2025-05-04 02:03:31,607 - INFO - Stop polling...
2025-05-04 02:03:31,608 - WARNING - Goodbye!
2025-05-04 02:03:35,614 - INFO - Bot: testwbanalalysisbot [@testwbanalalysis_bot]
2025-05-04 02:03:35,818 - WARNING - Updates were skipped successfully.
2025-05-04 02:03:35,818 - INFO - Bot starting up...
2025-05-04 02:03:36,019 - INFO - Start polling.
2025-05-04 02:03:51,287 - INFO - Found category: Аксессуары
2025-05-04 02:03:51,596 - INFO - Страница 1: получено 100 товаров
2025-05-04 02:03:51,597 - INFO - Страница 1: получено 100 товаров
2025-05-04 02:03:52,092 - INFO - Saved JSON to output\evirma.json
2025-05-04 02:03:53,463 - INFO - Страница 2: получено 100 товаров
2025-05-04 02:03:53,465 - INFO - Страница 2: получено 100 товаров
2025-05-04 02:03:53,963 - INFO - Saved JSON to output\evirma.json
2025-05-04 02:03:55,321 - INFO - Страница 3: получено 100 товаров
2025-05-04 02:03:55,323 - INFO - Страница 3: получено 100 товаров
2025-05-04 02:03:55,861 - INFO - Saved JSON to output\evirma.json
2025-05-04 02:03:57,185 - INFO - Страница 4: получено 100 товаров
2025-05-04 02:03:57,188 - INFO - Страница 4: получено 100 товаров
2025-05-04 02:03:57,796 - INFO - Saved JSON to output\evirma.json
2025-05-04 02:03:59,214 - INFO - Страница 5: получено 100 товаров
2025-05-04 02:03:59,215 - INFO - Страница 5: получено 100 товаров
2025-05-04 02:03:59,789 - INFO - Saved JSON to output\evirma.json
2025-05-04 02:04:01,180 - INFO - Страница 6: получено 100 товаров
2025-05-04 02:04:01,181 - INFO - Страница 6: получено 100 товаров
2025-05-04 02:04:01,725 - INFO - Saved JSON to output\evirma.json
2025-05-04 02:04:03,137 - INFO - Страница 7: получено 100 товаров
2025-05-04 02:04:03,138 - INFO - Страница 7: получено 100 товаров
2025-05-04 02:04:03,732 - INFO - Saved JSON to output\evirma.json
2025-05-04 02:04:05,175 - INFO - Страница 8: получено 100 товаров
2025-05-04 02:04:05,176 - INFO - Страница 8: получено 100 товаров
2025-05-04 02:04:05,748 - INFO - Saved JSON to output\evirma.json
2025-05-04 02:04:07,102 - INFO - Страница 9: получено 100 товаров
2025-05-04 02:04:07,103 - INFO - Страница 9: получено 100 товаров
2025-05-04 02:04:07,635 - INFO - Saved JSON to output\evirma.json
2025-05-04 02:04:08,969 - INFO - Страница 10: получено 100 товаров
2025-05-04 02:04:08,970 - INFO - Страница 10: получено 100 товаров
2025-05-04 02:04:09,497 - INFO - Saved JSON to output\evirma.json
2025-05-04 02:04:10,822 - INFO - Страница 11: получено 100 товаров
2025-05-04 02:04:10,823 - INFO - Страница 11: получено 100 товаров
2025-05-04 02:04:11,413 - INFO - Saved JSON to output\evirma.json
2025-05-04 02:04:12,739 - INFO - Страница 12: получено 100 товаров
2025-05-04 02:04:12,740 - INFO - Страница 12: получено 100 товаров
2025-05-04 02:04:13,303 - INFO - Saved JSON to output\evirma.json
2025-05-04 02:04:14,624 - INFO - Страница 13: получено 100 товаров
2025-05-04 02:04:14,625 - INFO - Страница 13: получено 100 товаров
2025-05-04 02:04:15,139 - INFO - Saved JSON to output\evirma.json
2025-05-04 02:04:16,493 - INFO - Страница 14: получено 100 товаров
2025-05-04 02:04:16,495 - INFO - Страница 14: получено 100 товаров
2025-05-04 02:04:17,018 - INFO - Saved JSON to output\evirma.json
2025-05-04 02:04:18,407 - INFO - Страница 15: получено 100 товаров
2025-05-04 02:04:18,408 - INFO - Страница 15: получено 100 товаров
2025-05-04 02:04:18,927 - INFO - Saved JSON to output\evirma.json
2025-05-04 02:04:20,237 - INFO - Страница 16: получено 100 товаров
2025-05-04 02:04:20,238 - INFO - Страница 16: получено 100 товаров
2025-05-04 02:04:20,806 - INFO - Saved JSON to output\evirma.json
2025-05-04 02:04:22,130 - INFO - Страница 17: получено 100 товаров
2025-05-04 02:04:22,132 - INFO - Страница 17: получено 100 товаров
2025-05-04 02:04:22,718 - INFO - Saved JSON to output\evirma.json
2025-05-04 02:04:24,056 - INFO - Страница 18: получено 100 товаров
2025-05-04 02:04:24,069 - INFO - Страница 18: получено 100 товаров
2025-05-04 02:04:24,689 - INFO - Saved JSON to output\evirma.json
2025-05-04 02:04:26,065 - INFO - Страница 19: получено 100 товаров
2025-05-04 02:04:26,066 - INFO - Страница 19: получено 100 товаров
2025-05-04 02:04:26,580 - INFO - Saved JSON to output\evirma.json
2025-05-04 02:04:27,905 - INFO - Страница 20: получено 100 товаров
2025-05-04 02:04:27,906 - INFO - Страница 20: получено 100 товаров
2025-05-04 02:04:28,509 - INFO - Saved JSON to output\evirma.json
2025-05-04 02:04:29,877 - INFO - Страница 21: получено 100 товаров
2025-05-04 02:04:29,878 - INFO - Страница 21: получено 100 товаров
2025-05-04 02:04:30,442 - INFO - Saved JSON to output\evirma.json
2025-05-04 02:04:31,804 - INFO - Страница 22: получено 100 товаров
2025-05-04 02:04:31,805 - INFO - Страница 22: получено 100 товаров
2025-05-04 02:04:32,440 - INFO - Saved JSON to output\evirma.json
2025-05-04 02:04:33,778 - INFO - Страница 23: получено 100 товаров
2025-05-04 02:04:33,780 - INFO - Страница 23: получено 100 товаров
2025-05-04 02:04:34,410 - INFO - Saved JSON to output\evirma.json
2025-05-04 02:04:35,781 - INFO - Страница 24: получено 100 товаров
2025-05-04 02:04:35,783 - INFO - Страница 24: получено 100 товаров
2025-05-04 02:04:36,293 - INFO - Saved JSON to output\evirma.json
2025-05-04 02:04:37,658 - INFO - Страница 25: получено 100 товаров
2025-05-04 02:04:37,667 - INFO - Страница 25: получено 100 товаров
2025-05-04 02:04:38,233 - INFO - Saved JSON to output\evirma.json
2025-05-04 02:04:39,602 - INFO - Страница 26: получено 100 товаров
2025-05-04 02:04:39,603 - INFO - Страница 26: получено 100 товаров
2025-05-04 02:04:40,140 - INFO - Saved JSON to output\evirma.json
2025-05-04 02:04:41,501 - INFO - Страница 27: получено 100 товаров
2025-05-04 02:04:41,503 - INFO - Страница 27: получено 100 товаров
2025-05-04 02:04:42,003 - INFO - Saved JSON to output\evirma.json
2025-05-04 02:04:43,328 - INFO - Страница 28: получено 100 товаров
2025-05-04 02:04:43,329 - INFO - Страница 28: получено 100 товаров
2025-05-04 02:04:43,834 - INFO - Saved JSON to output\evirma.json
2025-05-04 02:04:45,229 - INFO - Страница 29: получено 100 товаров
2025-05-04 02:04:45,234 - INFO - Страница 29: получено 100 товаров
2025-05-04 02:04:45,738 - INFO - Saved JSON to output\evirma.json
2025-05-04 02:04:47,112 - INFO - Страница 30: получено 100 товаров
2025-05-04 02:04:47,114 - INFO - Страница 30: получено 100 товаров
2025-05-04 02:04:47,630 - INFO - Saved JSON to output\evirma.json
2025-05-04 02:04:49,008 - INFO - Страница 31: получено 100 товаров
2025-05-04 02:04:49,009 - INFO - Страница 31: получено 100 товаров
2025-05-04 02:04:49,586 - INFO - Saved JSON to output\evirma.json
2025-05-04 02:04:50,970 - INFO - Страница 32: получено 100 товаров
2025-05-04 02:04:51,010 - INFO - Страница 32: получено 100 товаров
2025-05-04 02:04:51,617 - INFO - Saved JSON to output\evirma.json
2025-05-04 02:04:53,078 - INFO - Страница 33: получено 100 товаров
2025-05-04 02:04:53,090 - INFO - Страница 33: получено 100 товаров
2025-05-04 02:04:53,632 - INFO - Saved JSON to output\evirma.json
2025-05-04 02:04:54,968 - INFO - Страница 34: получено 100 товаров
2025-05-04 02:04:54,969 - INFO - Страница 34: получено 100 товаров
2025-05-04 02:04:55,619 - INFO - Saved JSON to output\evirma.json
2025-05-04 02:04:57,002 - INFO - Страница 35: получено 100 товаров
2025-05-04 02:04:57,002 - INFO - Страница 35: получено 100 товаров
2025-05-04 02:04:57,494 - INFO - Saved JSON to output\evirma.json
2025-05-04 02:04:58,855 - INFO - Страница 36: получено 100 товаров
2025-05-04 02:04:58,856 - INFO - Страница 36: получено 100 товаров
2025-05-04 02:04:59,481 - INFO - Saved JSON to output\evirma.json
2025-05-04 02:05:00,848 - INFO - Страница 37: получено 100 товаров
2025-05-04 02:05:00,849 - INFO - Страница 37: получено 100 товаров
2025-05-04 02:05:01,389 - INFO - Saved JSON to output\evirma.json
2025-05-04 02:05:02,855 - INFO - Страница 38: получено 100 товаров
2025-05-04 02:05:02,858 - INFO - Страница 38: получено 100 товаров
2025-05-04 02:05:03,404 - INFO - Saved JSON to output\evirma.json
2025-05-04 02:05:04,586 - INFO - Maximum products parsed (429 error).
2025-05-04 02:05:04,844 - INFO - Saved Excel to output\Аксессуары_analysis_1746306304.xlsx
2025-05-04 02:05:05,088 - INFO - Excel report sent to user 6089511983: output\Аксессуары_analysis_1746306304.xlsx
2025-05-04 02:05:05,089 - INFO - Parsing finished: max products parsed. Saved 1631 items
2025-05-04 02:05:05,090 - INFO - Total parsing time: 74.14 seconds
2025-05-04 02:05:20,097 - INFO - File deleted: output\Аксессуары_analysis_1746306304.xlsx
2025-05-04 02:05:46,899 - INFO - Bot shutting down...
2025-05-04 02:05:46,900 - INFO - Stop polling...
2025-05-04 02:05:46,901 - WARNING - Goodbye!
2025-05-04 02:10:51,167 - INFO - Bot: testwbanalalysisbot [@testwbanalalysis_bot]
2025-05-04 02:10:51,382 - WARNING - Updates were skipped successfully.
2025-05-04 02:10:51,382 - INFO - Bot starting up...
2025-05-04 02:10:51,587 - INFO - Start polling.
2025-05-04 02:11:41,033 - INFO - Found category: Аксессуары
2025-05-04 02:11:41,363 - INFO - Страница 1: получено 100 товаров
2025-05-04 02:11:41,364 - INFO - Страница 1: получено 100 товаров
2025-05-04 02:11:44,433 - INFO - Страница 2: получено 100 товаров
2025-05-04 02:11:44,434 - INFO - Страница 2: получено 100 товаров
2025-05-04 02:11:46,278 - INFO - Страница 3: получено 100 товаров
2025-05-04 02:11:46,279 - INFO - Страница 3: получено 100 товаров
2025-05-04 02:11:48,241 - INFO - Страница 4: получено 100 товаров
2025-05-04 02:11:48,243 - INFO - Страница 4: получено 100 товаров
2025-05-04 02:11:50,193 - INFO - Страница 5: получено 100 товаров
2025-05-04 02:11:50,195 - INFO - Страница 5: получено 100 товаров
2025-05-04 02:11:52,018 - INFO - Страница 6: получено 100 товаров
2025-05-04 02:11:52,019 - INFO - Страница 6: получено 100 товаров
2025-05-04 02:11:53,929 - INFO - Страница 7: получено 100 товаров
2025-05-04 02:11:53,930 - INFO - Страница 7: получено 100 товаров
2025-05-04 02:11:55,854 - INFO - Страница 8: получено 100 товаров
2025-05-04 02:11:55,856 - INFO - Страница 8: получено 100 товаров
2025-05-04 02:11:57,678 - INFO - Страница 9: получено 100 товаров
2025-05-04 02:11:57,679 - INFO - Страница 9: получено 100 товаров
2025-05-04 02:11:59,506 - INFO - Страница 10: получено 100 товаров
2025-05-04 02:11:59,507 - INFO - Страница 10: получено 100 товаров
2025-05-04 02:12:01,303 - INFO - Страница 11: получено 100 товаров
2025-05-04 02:12:01,304 - INFO - Страница 11: получено 100 товаров
2025-05-04 02:12:03,204 - INFO - Страница 12: получено 100 товаров
2025-05-04 02:12:03,204 - INFO - Страница 12: получено 100 товаров
2025-05-04 02:12:05,040 - INFO - Страница 13: получено 100 товаров
2025-05-04 02:12:05,041 - INFO - Страница 13: получено 100 товаров
2025-05-04 02:12:06,911 - INFO - Страница 14: получено 100 товаров
2025-05-04 02:12:06,912 - INFO - Страница 14: получено 100 товаров
2025-05-04 02:12:08,737 - INFO - Страница 15: получено 100 товаров
2025-05-04 02:12:08,737 - INFO - Страница 15: получено 100 товаров
2025-05-04 02:12:10,601 - INFO - Страница 16: получено 100 товаров
2025-05-04 02:12:10,602 - INFO - Страница 16: получено 100 товаров
2025-05-04 02:12:12,479 - INFO - Страница 17: получено 100 товаров
2025-05-04 02:12:12,480 - INFO - Страница 17: получено 100 товаров
2025-05-04 02:12:14,376 - INFO - Страница 18: получено 100 товаров
2025-05-04 02:12:14,377 - INFO - Страница 18: получено 100 товаров
2025-05-04 02:12:16,359 - INFO - Страница 19: получено 100 товаров
2025-05-04 02:12:16,360 - INFO - Страница 19: получено 100 товаров
2025-05-04 02:12:18,173 - INFO - Страница 20: получено 100 товаров
2025-05-04 02:12:18,174 - INFO - Страница 20: получено 100 товаров
2025-05-04 02:12:20,051 - INFO - Страница 21: получено 100 товаров
2025-05-04 02:12:20,052 - INFO - Страница 21: получено 100 товаров
2025-05-04 02:12:21,960 - INFO - Страница 22: получено 100 товаров
2025-05-04 02:12:21,961 - INFO - Страница 22: получено 100 товаров
2025-05-04 02:12:23,938 - INFO - Страница 23: получено 100 товаров
2025-05-04 02:12:23,941 - INFO - Страница 23: получено 100 товаров
2025-05-04 02:12:25,833 - INFO - Страница 24: получено 100 товаров
2025-05-04 02:12:25,835 - INFO - Страница 24: получено 100 товаров
2025-05-04 02:12:27,728 - INFO - Страница 25: получено 100 товаров
2025-05-04 02:12:27,730 - INFO - Страница 25: получено 100 товаров
2025-05-04 02:12:29,529 - INFO - Страница 26: получено 100 товаров
2025-05-04 02:12:29,532 - INFO - Страница 26: получено 100 товаров
2025-05-04 02:12:31,392 - INFO - Страница 27: получено 100 товаров
2025-05-04 02:12:31,393 - INFO - Страница 27: получено 100 товаров
2025-05-04 02:12:33,219 - INFO - Страница 28: получено 100 товаров
2025-05-04 02:12:33,220 - INFO - Страница 28: получено 100 товаров
2025-05-04 02:12:35,140 - INFO - Страница 29: получено 100 товаров
2025-05-04 02:12:35,141 - INFO - Страница 29: получено 100 товаров
2025-05-04 02:12:36,972 - INFO - Страница 30: получено 100 товаров
2025-05-04 02:12:36,973 - INFO - Страница 30: получено 100 товаров
2025-05-04 02:12:38,620 - INFO - Maximum products parsed (429 error).
2025-05-04 02:12:38,793 - INFO - Saved Excel to output\Аксессуары_analysis_1746306758.xlsx
2025-05-04 02:12:39,017 - INFO - Excel report sent to user 6089511983: output\Аксессуары_analysis_1746306758.xlsx
2025-05-04 02:12:39,018 - INFO - Parsing finished: max products parsed. Saved 1297 items
2025-05-04 02:12:39,019 - INFO - Total parsing time: 58.33 seconds
2025-05-04 02:12:54,025 - INFO - File deleted: output\Аксессуары_analysis_1746306758.xlsx
2025-05-04 02:14:08,909 - INFO - Bot shutting down...
2025-05-04 02:14:08,911 - INFO - Stop polling...
2025-05-04 02:14:08,911 - WARNING - Goodbye!
2025-05-04 02:17:00,945 - INFO - Bot: Wilberries Parser Frequency [@testwbanalalysis_bot]
2025-05-04 02:17:01,153 - WARNING - Updates were skipped successfully.
2025-05-04 02:17:01,154 - INFO - Bot starting up...
2025-05-04 02:17:01,279 - INFO - Start polling.
2025-05-04 02:17:41,504 - INFO - Found category: Аксессуары
2025-05-04 02:17:41,866 - INFO - Страница 1: получено 100 товаров
2025-05-04 02:17:41,866 - INFO - Страница 1: получено 100 товаров
2025-05-04 02:17:43,894 - INFO - Страница 2: получено 100 товаров
2025-05-04 02:17:43,895 - INFO - Страница 2: получено 100 товаров
2025-05-04 02:17:45,829 - INFO - Страница 3: получено 100 товаров
2025-05-04 02:17:45,830 - INFO - Страница 3: получено 100 товаров
2025-05-04 02:17:47,686 - INFO - Страница 4: получено 100 товаров
2025-05-04 02:17:47,687 - INFO - Страница 4: получено 100 товаров
2025-05-04 02:17:49,508 - INFO - Страница 5: получено 100 товаров
2025-05-04 02:17:49,509 - INFO - Страница 5: получено 100 товаров
2025-05-04 02:17:51,366 - INFO - Страница 6: получено 100 товаров
2025-05-04 02:17:51,369 - INFO - Страница 6: получено 100 товаров
2025-05-04 02:17:53,339 - INFO - Страница 7: получено 100 товаров
2025-05-04 02:17:53,340 - INFO - Страница 7: получено 100 товаров
2025-05-04 02:17:55,192 - INFO - Страница 8: получено 100 товаров
2025-05-04 02:17:55,193 - INFO - Страница 8: получено 100 товаров
2025-05-04 02:17:56,978 - INFO - Страница 9: получено 100 товаров
2025-05-04 02:17:56,978 - INFO - Страница 9: получено 100 товаров
2025-05-04 02:17:58,802 - INFO - Страница 10: получено 100 товаров
2025-05-04 02:17:58,802 - INFO - Страница 10: получено 100 товаров
2025-05-04 02:18:00,639 - INFO - Страница 11: получено 100 товаров
2025-05-04 02:18:00,640 - INFO - Страница 11: получено 100 товаров
2025-05-04 02:18:02,482 - INFO - Страница 12: получено 100 товаров
2025-05-04 02:18:02,483 - INFO - Страница 12: получено 100 товаров
2025-05-04 02:18:04,306 - INFO - Страница 13: получено 100 товаров
2025-05-04 02:18:04,308 - INFO - Страница 13: получено 100 товаров
2025-05-04 02:18:06,126 - INFO - Страница 14: получено 100 товаров
2025-05-04 02:18:06,128 - INFO - Страница 14: получено 100 товаров
2025-05-04 02:18:08,009 - INFO - Страница 15: получено 100 товаров
2025-05-04 02:18:08,010 - INFO - Страница 15: получено 100 товаров
2025-05-04 02:18:09,876 - INFO - Страница 16: получено 100 товаров
2025-05-04 02:18:09,878 - INFO - Страница 16: получено 100 товаров
2025-05-04 02:18:11,724 - INFO - Страница 17: получено 100 товаров
2025-05-04 02:18:11,725 - INFO - Страница 17: получено 100 товаров
2025-05-04 02:18:13,573 - INFO - Страница 18: получено 100 товаров
2025-05-04 02:18:13,574 - INFO - Страница 18: получено 100 товаров
2025-05-04 02:18:15,445 - INFO - Страница 19: получено 100 товаров
2025-05-04 02:18:15,446 - INFO - Страница 19: получено 100 товаров
2025-05-04 02:18:17,277 - INFO - Страница 20: получено 100 товаров
2025-05-04 02:18:17,278 - INFO - Страница 20: получено 100 товаров
2025-05-04 02:18:19,091 - INFO - Страница 21: получено 100 товаров
2025-05-04 02:18:19,093 - INFO - Страница 21: получено 100 товаров
2025-05-04 02:18:20,889 - INFO - Страница 22: получено 100 товаров
2025-05-04 02:18:20,890 - INFO - Страница 22: получено 100 товаров
2025-05-04 02:18:22,820 - INFO - Страница 23: получено 100 товаров
2025-05-04 02:18:22,821 - INFO - Страница 23: получено 100 товаров
2025-05-04 02:18:24,786 - INFO - Страница 24: получено 100 товаров
2025-05-04 02:18:24,788 - INFO - Страница 24: получено 100 товаров
2025-05-04 02:18:26,665 - INFO - Страница 25: получено 100 товаров
2025-05-04 02:18:26,666 - INFO - Страница 25: получено 100 товаров
2025-05-04 02:18:28,551 - INFO - Страница 26: получено 100 товаров
2025-05-04 02:18:28,552 - INFO - Страница 26: получено 100 товаров
2025-05-04 02:18:30,381 - INFO - Страница 27: получено 100 товаров
2025-05-04 02:18:30,382 - INFO - Страница 27: получено 100 товаров
2025-05-04 02:18:32,313 - INFO - Страница 28: получено 100 товаров
2025-05-04 02:18:32,314 - INFO - Страница 28: получено 100 товаров
2025-05-04 02:18:34,125 - INFO - Страница 29: получено 100 товаров
2025-05-04 02:18:34,126 - INFO - Страница 29: получено 100 товаров
2025-05-04 02:18:36,087 - INFO - Страница 30: получено 100 товаров
2025-05-04 02:18:36,088 - INFO - Страница 30: получено 100 товаров
2025-05-04 02:18:37,755 - INFO - Maximum products parsed (429 error).
2025-05-04 02:18:37,952 - INFO - Saved Excel to output\Аксессуары_analysis_1746307117.xlsx
2025-05-04 02:18:38,319 - INFO - Excel report sent to user 6089511983: output\Аксессуары_analysis_1746307117.xlsx
2025-05-04 02:18:38,319 - INFO - Parsing finished: max products parsed. Saved 1292 items
2025-05-04 02:18:38,321 - INFO - Total parsing time: 57.15 seconds
2025-05-04 02:18:53,325 - INFO - File deleted: output\Аксессуары_analysis_1746307117.xlsx
2025-05-04 02:19:22,842 - INFO - Bot shutting down...
2025-05-04 02:19:22,844 - INFO - Stop polling...
2025-05-04 02:19:22,845 - WARNING - Goodbye!
2025-05-04 02:21:09,514 - INFO - Bot: Wilberries Parser Frequency [@testwbanalalysis_bot]
2025-05-04 02:21:09,719 - WARNING - Updates were skipped successfully.
2025-05-04 02:21:09,720 - INFO - Bot starting up...
2025-05-04 02:21:09,858 - INFO - Start polling.
2025-05-04 02:21:17,616 - INFO - Bot shutting down...
2025-05-04 02:21:17,620 - INFO - Stop polling...
2025-05-04 02:21:17,622 - WARNING - Goodbye!
2025-05-04 02:45:26,112 - INFO - Bot: Wilberries Parser Frequency [@testwbanalalysis_bot]
2025-05-04 02:45:26,344 - WARNING - Updates were skipped successfully.
2025-05-04 02:45:26,344 - INFO - Bot starting up...
2025-05-04 02:45:26,476 - INFO - Start polling.
2025-05-04 02:45:29,976 - ERROR - Cause exception while getting updates.
Traceback (most recent call last):
  File "C:\Users\nurja\AppData\Local\Programs\Python\Python311\Lib\site-packages\aiogram\dispatcher\dispatcher.py", line 381, in start_polling
    updates = await self.bot.get_updates(
              ^^^^^^^^^^^^^^^^^^^^^^^^^^^
  File "C:\Users\nurja\AppData\Local\Programs\Python\Python311\Lib\site-packages\aiogram\bot\bot.py", line 110, in get_updates
    result = await self.request(api.Methods.GET_UPDATES, payload)
             ^^^^^^^^^^^^^^^^^^^^^^^^^^^^^^^^^^^^^^^^^^^^^^^^^^^^
  File "C:\Users\nurja\AppData\Local\Programs\Python\Python311\Lib\site-packages\aiogram\bot\base.py", line 236, in request
    return await api.make_request(await self.get_session(), self.server, self.__token, method, data, files,
           ^^^^^^^^^^^^^^^^^^^^^^^^^^^^^^^^^^^^^^^^^^^^^^^^^^^^^^^^^^^^^^^^^^^^^^^^^^^^^^^^^^^^^^^^^^^^^^^^
  File "C:\Users\nurja\AppData\Local\Programs\Python\Python311\Lib\site-packages\aiogram\bot\api.py", line 140, in make_request
    return check_result(method, response.content_type, response.status, await response.text())
           ^^^^^^^^^^^^^^^^^^^^^^^^^^^^^^^^^^^^^^^^^^^^^^^^^^^^^^^^^^^^^^^^^^^^^^^^^^^^^^^^^^^
  File "C:\Users\nurja\AppData\Local\Programs\Python\Python311\Lib\site-packages\aiogram\bot\api.py", line 119, in check_result
    exceptions.ConflictError.detect(description)
  File "C:\Users\nurja\AppData\Local\Programs\Python\Python311\Lib\site-packages\aiogram\utils\exceptions.py", line 140, in detect
    raise err(cls.text or description)
aiogram.utils.exceptions.TerminatedByOtherGetUpdates: Terminated by other getupdates request; make sure that only one bot instance is running
2025-05-04 02:45:35,390 - INFO - Bot shutting down...
2025-05-04 02:45:35,397 - INFO - Stop polling...
2025-05-04 02:45:35,397 - WARNING - Goodbye!
2025-05-04 02:45:51,157 - INFO - Bot: Wilberries Parser Frequency [@testwbanalalysis_bot]
2025-05-04 02:45:51,365 - WARNING - Updates were skipped successfully.
2025-05-04 02:45:51,371 - INFO - Bot starting up...
2025-05-04 02:45:51,533 - INFO - Start polling.
2025-05-04 02:45:57,406 - ERROR - Cause exception while getting updates.
Traceback (most recent call last):
  File "C:\Users\nurja\AppData\Local\Programs\Python\Python311\Lib\site-packages\aiogram\dispatcher\dispatcher.py", line 381, in start_polling
    updates = await self.bot.get_updates(
              ^^^^^^^^^^^^^^^^^^^^^^^^^^^
  File "C:\Users\nurja\AppData\Local\Programs\Python\Python311\Lib\site-packages\aiogram\bot\bot.py", line 110, in get_updates
    result = await self.request(api.Methods.GET_UPDATES, payload)
             ^^^^^^^^^^^^^^^^^^^^^^^^^^^^^^^^^^^^^^^^^^^^^^^^^^^^
  File "C:\Users\nurja\AppData\Local\Programs\Python\Python311\Lib\site-packages\aiogram\bot\base.py", line 236, in request
    return await api.make_request(await self.get_session(), self.server, self.__token, method, data, files,
           ^^^^^^^^^^^^^^^^^^^^^^^^^^^^^^^^^^^^^^^^^^^^^^^^^^^^^^^^^^^^^^^^^^^^^^^^^^^^^^^^^^^^^^^^^^^^^^^^
  File "C:\Users\nurja\AppData\Local\Programs\Python\Python311\Lib\site-packages\aiogram\bot\api.py", line 140, in make_request
    return check_result(method, response.content_type, response.status, await response.text())
           ^^^^^^^^^^^^^^^^^^^^^^^^^^^^^^^^^^^^^^^^^^^^^^^^^^^^^^^^^^^^^^^^^^^^^^^^^^^^^^^^^^^
  File "C:\Users\nurja\AppData\Local\Programs\Python\Python311\Lib\site-packages\aiogram\bot\api.py", line 119, in check_result
    exceptions.ConflictError.detect(description)
  File "C:\Users\nurja\AppData\Local\Programs\Python\Python311\Lib\site-packages\aiogram\utils\exceptions.py", line 140, in detect
    raise err(cls.text or description)
aiogram.utils.exceptions.TerminatedByOtherGetUpdates: Terminated by other getupdates request; make sure that only one bot instance is running
2025-05-04 02:46:07,234 - ERROR - Cause exception while getting updates.
Traceback (most recent call last):
  File "C:\Users\nurja\AppData\Local\Programs\Python\Python311\Lib\site-packages\aiogram\dispatcher\dispatcher.py", line 381, in start_polling
    updates = await self.bot.get_updates(
              ^^^^^^^^^^^^^^^^^^^^^^^^^^^
  File "C:\Users\nurja\AppData\Local\Programs\Python\Python311\Lib\site-packages\aiogram\bot\bot.py", line 110, in get_updates
    result = await self.request(api.Methods.GET_UPDATES, payload)
             ^^^^^^^^^^^^^^^^^^^^^^^^^^^^^^^^^^^^^^^^^^^^^^^^^^^^
  File "C:\Users\nurja\AppData\Local\Programs\Python\Python311\Lib\site-packages\aiogram\bot\base.py", line 236, in request
    return await api.make_request(await self.get_session(), self.server, self.__token, method, data, files,
           ^^^^^^^^^^^^^^^^^^^^^^^^^^^^^^^^^^^^^^^^^^^^^^^^^^^^^^^^^^^^^^^^^^^^^^^^^^^^^^^^^^^^^^^^^^^^^^^^
  File "C:\Users\nurja\AppData\Local\Programs\Python\Python311\Lib\site-packages\aiogram\bot\api.py", line 140, in make_request
    return check_result(method, response.content_type, response.status, await response.text())
           ^^^^^^^^^^^^^^^^^^^^^^^^^^^^^^^^^^^^^^^^^^^^^^^^^^^^^^^^^^^^^^^^^^^^^^^^^^^^^^^^^^^
  File "C:\Users\nurja\AppData\Local\Programs\Python\Python311\Lib\site-packages\aiogram\bot\api.py", line 119, in check_result
    exceptions.ConflictError.detect(description)
  File "C:\Users\nurja\AppData\Local\Programs\Python\Python311\Lib\site-packages\aiogram\utils\exceptions.py", line 140, in detect
    raise err(cls.text or description)
aiogram.utils.exceptions.TerminatedByOtherGetUpdates: Terminated by other getupdates request; make sure that only one bot instance is running
2025-05-04 02:46:16,573 - ERROR - Cause exception while getting updates.
Traceback (most recent call last):
  File "C:\Users\nurja\AppData\Local\Programs\Python\Python311\Lib\site-packages\aiogram\dispatcher\dispatcher.py", line 381, in start_polling
    updates = await self.bot.get_updates(
              ^^^^^^^^^^^^^^^^^^^^^^^^^^^
  File "C:\Users\nurja\AppData\Local\Programs\Python\Python311\Lib\site-packages\aiogram\bot\bot.py", line 110, in get_updates
    result = await self.request(api.Methods.GET_UPDATES, payload)
             ^^^^^^^^^^^^^^^^^^^^^^^^^^^^^^^^^^^^^^^^^^^^^^^^^^^^
  File "C:\Users\nurja\AppData\Local\Programs\Python\Python311\Lib\site-packages\aiogram\bot\base.py", line 236, in request
    return await api.make_request(await self.get_session(), self.server, self.__token, method, data, files,
           ^^^^^^^^^^^^^^^^^^^^^^^^^^^^^^^^^^^^^^^^^^^^^^^^^^^^^^^^^^^^^^^^^^^^^^^^^^^^^^^^^^^^^^^^^^^^^^^^
  File "C:\Users\nurja\AppData\Local\Programs\Python\Python311\Lib\site-packages\aiogram\bot\api.py", line 140, in make_request
    return check_result(method, response.content_type, response.status, await response.text())
           ^^^^^^^^^^^^^^^^^^^^^^^^^^^^^^^^^^^^^^^^^^^^^^^^^^^^^^^^^^^^^^^^^^^^^^^^^^^^^^^^^^^
  File "C:\Users\nurja\AppData\Local\Programs\Python\Python311\Lib\site-packages\aiogram\bot\api.py", line 119, in check_result
    exceptions.ConflictError.detect(description)
  File "C:\Users\nurja\AppData\Local\Programs\Python\Python311\Lib\site-packages\aiogram\utils\exceptions.py", line 140, in detect
    raise err(cls.text or description)
aiogram.utils.exceptions.TerminatedByOtherGetUpdates: Terminated by other getupdates request; make sure that only one bot instance is running
2025-05-04 02:46:20,798 - INFO - Bot shutting down...
2025-05-04 02:46:20,800 - INFO - Stop polling...
2025-05-04 02:46:20,801 - WARNING - Goodbye!
2025-05-04 02:46:38,341 - INFO - Bot: Wilberries Parser Frequency [@testwbanalalysis_bot]
2025-05-04 02:46:38,545 - WARNING - Updates were skipped successfully.
2025-05-04 02:46:38,545 - INFO - Bot starting up...
2025-05-04 02:46:38,678 - INFO - Start polling.
2025-05-04 02:46:42,264 - ERROR - Cause exception while getting updates.
Traceback (most recent call last):
  File "C:\Users\nurja\AppData\Local\Programs\Python\Python311\Lib\site-packages\aiogram\dispatcher\dispatcher.py", line 381, in start_polling
    updates = await self.bot.get_updates(
              ^^^^^^^^^^^^^^^^^^^^^^^^^^^
  File "C:\Users\nurja\AppData\Local\Programs\Python\Python311\Lib\site-packages\aiogram\bot\bot.py", line 110, in get_updates
    result = await self.request(api.Methods.GET_UPDATES, payload)
             ^^^^^^^^^^^^^^^^^^^^^^^^^^^^^^^^^^^^^^^^^^^^^^^^^^^^
  File "C:\Users\nurja\AppData\Local\Programs\Python\Python311\Lib\site-packages\aiogram\bot\base.py", line 236, in request
    return await api.make_request(await self.get_session(), self.server, self.__token, method, data, files,
           ^^^^^^^^^^^^^^^^^^^^^^^^^^^^^^^^^^^^^^^^^^^^^^^^^^^^^^^^^^^^^^^^^^^^^^^^^^^^^^^^^^^^^^^^^^^^^^^^
  File "C:\Users\nurja\AppData\Local\Programs\Python\Python311\Lib\site-packages\aiogram\bot\api.py", line 140, in make_request
    return check_result(method, response.content_type, response.status, await response.text())
           ^^^^^^^^^^^^^^^^^^^^^^^^^^^^^^^^^^^^^^^^^^^^^^^^^^^^^^^^^^^^^^^^^^^^^^^^^^^^^^^^^^^
  File "C:\Users\nurja\AppData\Local\Programs\Python\Python311\Lib\site-packages\aiogram\bot\api.py", line 119, in check_result
    exceptions.ConflictError.detect(description)
  File "C:\Users\nurja\AppData\Local\Programs\Python\Python311\Lib\site-packages\aiogram\utils\exceptions.py", line 140, in detect
    raise err(cls.text or description)
aiogram.utils.exceptions.TerminatedByOtherGetUpdates: Terminated by other getupdates request; make sure that only one bot instance is running
2025-05-04 02:46:51,728 - ERROR - Cause exception while getting updates.
Traceback (most recent call last):
  File "C:\Users\nurja\AppData\Local\Programs\Python\Python311\Lib\site-packages\aiogram\dispatcher\dispatcher.py", line 381, in start_polling
    updates = await self.bot.get_updates(
              ^^^^^^^^^^^^^^^^^^^^^^^^^^^
  File "C:\Users\nurja\AppData\Local\Programs\Python\Python311\Lib\site-packages\aiogram\bot\bot.py", line 110, in get_updates
    result = await self.request(api.Methods.GET_UPDATES, payload)
             ^^^^^^^^^^^^^^^^^^^^^^^^^^^^^^^^^^^^^^^^^^^^^^^^^^^^
  File "C:\Users\nurja\AppData\Local\Programs\Python\Python311\Lib\site-packages\aiogram\bot\base.py", line 236, in request
    return await api.make_request(await self.get_session(), self.server, self.__token, method, data, files,
           ^^^^^^^^^^^^^^^^^^^^^^^^^^^^^^^^^^^^^^^^^^^^^^^^^^^^^^^^^^^^^^^^^^^^^^^^^^^^^^^^^^^^^^^^^^^^^^^^
  File "C:\Users\nurja\AppData\Local\Programs\Python\Python311\Lib\site-packages\aiogram\bot\api.py", line 140, in make_request
    return check_result(method, response.content_type, response.status, await response.text())
           ^^^^^^^^^^^^^^^^^^^^^^^^^^^^^^^^^^^^^^^^^^^^^^^^^^^^^^^^^^^^^^^^^^^^^^^^^^^^^^^^^^^
  File "C:\Users\nurja\AppData\Local\Programs\Python\Python311\Lib\site-packages\aiogram\bot\api.py", line 119, in check_result
    exceptions.ConflictError.detect(description)
  File "C:\Users\nurja\AppData\Local\Programs\Python\Python311\Lib\site-packages\aiogram\utils\exceptions.py", line 140, in detect
    raise err(cls.text or description)
aiogram.utils.exceptions.TerminatedByOtherGetUpdates: Terminated by other getupdates request; make sure that only one bot instance is running
2025-05-04 02:47:01,817 - ERROR - Cause exception while getting updates.
Traceback (most recent call last):
  File "C:\Users\nurja\AppData\Local\Programs\Python\Python311\Lib\site-packages\aiogram\dispatcher\dispatcher.py", line 381, in start_polling
    updates = await self.bot.get_updates(
              ^^^^^^^^^^^^^^^^^^^^^^^^^^^
  File "C:\Users\nurja\AppData\Local\Programs\Python\Python311\Lib\site-packages\aiogram\bot\bot.py", line 110, in get_updates
    result = await self.request(api.Methods.GET_UPDATES, payload)
             ^^^^^^^^^^^^^^^^^^^^^^^^^^^^^^^^^^^^^^^^^^^^^^^^^^^^
  File "C:\Users\nurja\AppData\Local\Programs\Python\Python311\Lib\site-packages\aiogram\bot\base.py", line 236, in request
    return await api.make_request(await self.get_session(), self.server, self.__token, method, data, files,
           ^^^^^^^^^^^^^^^^^^^^^^^^^^^^^^^^^^^^^^^^^^^^^^^^^^^^^^^^^^^^^^^^^^^^^^^^^^^^^^^^^^^^^^^^^^^^^^^^
  File "C:\Users\nurja\AppData\Local\Programs\Python\Python311\Lib\site-packages\aiogram\bot\api.py", line 140, in make_request
    return check_result(method, response.content_type, response.status, await response.text())
           ^^^^^^^^^^^^^^^^^^^^^^^^^^^^^^^^^^^^^^^^^^^^^^^^^^^^^^^^^^^^^^^^^^^^^^^^^^^^^^^^^^^
  File "C:\Users\nurja\AppData\Local\Programs\Python\Python311\Lib\site-packages\aiogram\bot\api.py", line 119, in check_result
    exceptions.ConflictError.detect(description)
  File "C:\Users\nurja\AppData\Local\Programs\Python\Python311\Lib\site-packages\aiogram\utils\exceptions.py", line 140, in detect
    raise err(cls.text or description)
aiogram.utils.exceptions.TerminatedByOtherGetUpdates: Terminated by other getupdates request; make sure that only one bot instance is running
2025-05-04 02:47:02,003 - INFO - Bot shutting down...
2025-05-04 02:47:02,006 - INFO - Stop polling...
2025-05-04 02:47:02,007 - WARNING - Goodbye!
2025-05-04 02:53:24,788 - INFO - Bot: testikkkkkkbor [@testwbbotforfreqtstbot]
2025-05-04 02:53:24,992 - WARNING - Updates were skipped successfully.
2025-05-04 02:53:24,992 - INFO - Bot starting up...
2025-05-04 02:53:25,112 - ERROR - Failed to notify admin 6089511983: Chat not found
2025-05-04 02:53:25,113 - INFO - Start polling.
2025-05-04 02:53:35,910 - INFO - Found category: Аксессуары
2025-05-04 02:53:36,266 - INFO - Страница 1: получено 100 товаров
2025-05-04 02:53:36,268 - INFO - Страница 1: получено 100 товаров
2025-05-04 02:53:37,927 - INFO - Saved JSON to output\evirma.json
2025-05-04 02:53:39,285 - INFO - Страница 2: получено 100 товаров
2025-05-04 02:53:39,286 - INFO - Страница 2: получено 100 товаров
2025-05-04 02:53:39,900 - INFO - Saved JSON to output\evirma.json
2025-05-04 02:53:41,048 - INFO - Saved Excel to output\Аксессуары_analysis_1746309220.xlsx
2025-05-04 02:53:41,305 - INFO - Excel report sent to user 6089511983: output\Аксессуары_analysis_1746309220.xlsx
2025-05-04 02:53:41,306 - INFO - Parsing finished: no more products. Saved 78 items
2025-05-04 02:53:41,306 - INFO - Total parsing time: 5.72 seconds
2025-05-04 02:53:56,318 - INFO - File deleted: output\Аксессуары_analysis_1746309220.xlsx
2025-05-04 02:54:00,872 - INFO - Bot shutting down...
2025-05-04 02:54:00,874 - INFO - Stop polling...
2025-05-04 02:54:00,875 - WARNING - Goodbye!
2025-05-04 02:54:04,251 - INFO - Bot: testikkkkkkbor [@testwbbotforfreqtstbot]
2025-05-04 02:54:04,452 - WARNING - Updates were skipped successfully.
2025-05-04 02:54:04,454 - INFO - Bot starting up...
2025-05-04 02:54:04,602 - INFO - Start polling.
2025-05-04 02:54:21,875 - INFO - Found category: Аксессуары
2025-05-04 02:54:22,211 - INFO - Страница 1: получено 100 товаров
2025-05-04 02:54:22,212 - INFO - Страница 1: получено 100 товаров
2025-05-04 02:54:24,027 - INFO - Страница 2: получено 100 товаров
2025-05-04 02:54:24,028 - INFO - Страница 2: получено 100 товаров
2025-05-04 02:54:25,592 - INFO - Saved Excel to output\Аксессуары_analysis_1746309265.xlsx
2025-05-04 02:54:25,811 - INFO - Excel report sent to user 6089511983: output\Аксессуары_analysis_1746309265.xlsx
2025-05-04 02:54:25,811 - INFO - Parsing finished: no more products. Saved 77 items
2025-05-04 02:54:25,811 - INFO - Total parsing time: 4.27 seconds
2025-05-04 02:54:40,810 - INFO - File deleted: output\Аксессуары_analysis_1746309265.xlsx
